<?xml version="1.0" encoding="UTF-8"?>
<!-- Generated by org.testng.reporters.JUnitXMLReporter -->
<testsuite hostname="dt22" ignored="0" name="CreateAttribute" tests="4" failures="0" timestamp="11 Sep 2020 10:26:55 GMT" time="33.492" errors="0">
  <testcase name="TagExcel" time="0.094" classname="TestScripts.CreateAttribute"/>
  <testcase name="ReadLogin" time="4.103" classname="Common.loginbase"/>
  <testcase name="createAttributeGroup" time="5.55" classname="TestScripts.CreateAttribute"/>
  <testcase name="createAttributelist" time="5.228" classname="TestScripts.CreateAttribute"/>
</testsuite> <!-- CreateAttribute -->
