<?xml version="1.0" encoding="UTF-8"?>
<!-- Generated by org.testng.reporters.JUnitXMLReporter -->
<testsuite hostname="dt22" ignored="0" name="CreateParameter" tests="3" failures="0" timestamp="15 Sep 2020 05:35:39 GMT" time="41.216" errors="0">
  <testcase name="ReadLogin" time="4.201" classname="Common.loginbase"/>
  <testcase name="ExcelParameter" time="0.557" classname="TestScripts.CreateParameter"/>
  <testcase name="createTag" time="11.107" classname="TestScripts.CreateParameter"/>
</testsuite> <!-- CreateParameter -->
