<?xml version="1.0" encoding="UTF-8"?>
<!-- Generated by org.testng.reporters.JUnitXMLReporter -->
<testsuite hostname="dt22" ignored="0" name="createItem" tests="4" failures="1" timestamp="16 Sep 2020 09:09:51 GMT" time="153.464" errors="0">
  <testcase name="ReadLogin" time="3.932" classname="Common.loginbase"/>
  <testcase name="createItem" time="70.244" classname="TestScripts.CreateItem"/>
  <testcase name="VerifyItem" time="0.142" classname="TestScripts.CreateItem">
    <failure type="java.lang.AssertionError" message="ItemName not matching expected [TSTItemauto] but found [TSTItemauto_update]">
      <![CDATA[java.lang.AssertionError: ItemName not matching expected [TSTItemauto] but found [TSTItemauto_update]
at TestScripts.CreateItem.VerifyItem(CreateItem.java:160)
... Removed 29 stack frames]]>
    </failure>
  </testcase> <!-- VerifyItem -->
  <testcase name="deleteItem" time="60.495" classname="TestScripts.CreateItem"/>
</testsuite> <!-- createItem -->
