<?xml version="1.0" encoding="UTF-8"?>
<!-- Generated by org.testng.reporters.JUnitXMLReporter -->
<testsuite hostname="dt22" ignored="0" name="UpdateAttribute" tests="6" failures="0" timestamp="11 Sep 2020 10:27:52 GMT" time="56.949" errors="0">
  <testcase name="TagExcel" time="0.101" classname="TestScripts.UpdateAttribute"/>
  <testcase name="ReadLogin" time="3.791" classname="Common.loginbase"/>
  <testcase name="validateAttributeGroup" time="6.763" classname="TestScripts.UpdateAttribute"/>
  <testcase name="validateAttributeList" time="14.321" classname="TestScripts.UpdateAttribute"/>
  <testcase name="UpdateAttributeGroup" time="4.299" classname="TestScripts.UpdateAttribute"/>
  <testcase name="UpdateAttributeList" time="12.337" classname="TestScripts.UpdateAttribute"/>
</testsuite> <!-- UpdateAttribute -->
