<?xml version="1.0" encoding="UTF-8"?>
<!-- Generated by org.testng.reporters.JUnitXMLReporter -->
<testsuite hostname="dt22" ignored="0" name="UpdateTag" tests="6" failures="0" timestamp="11 Sep 2020 10:26:21 GMT" time="71.808" errors="0">
  <testcase name="updateTagExcel" time="0.118" classname="TestScripts.UpdateTag"/>
  <testcase name="ReadLogin" time="4.01" classname="Common.loginbase"/>
  <testcase name="updateTag" time="6.918" classname="TestScripts.UpdateTag"/>
  <testcase name="updateTaglist" time="11.565" classname="TestScripts.UpdateTag"/>
  <testcase name="UpdateTagGroup" time="7.313" classname="TestScripts.UpdateTag"/>
  <testcase name="UpdateTagList" time="18.529" classname="TestScripts.UpdateTag"/>
</testsuite> <!-- UpdateTag -->
