<?xml version="1.0" encoding="UTF-8"?>
<!-- Generated by org.testng.reporters.JUnitXMLReporter -->
<testsuite hostname="dt22" ignored="0" name="updateItem" tests="5" failures="0" timestamp="16 Sep 2020 09:10:33 GMT" time="41.564" errors="0">
  <testcase name="ReadLogin" time="3.892" classname="Common.loginbase"/>
  <testcase name="createItem" time="9.858" classname="TestScripts.UpdateItem"/>
  <testcase name="updateItem" time="8.893" classname="TestScripts.UpdateItem"/>
  <testcase name="verifyupdateItem" time="1.774" classname="TestScripts.UpdateItem"/>
  <testcase name="deleteupdatedItem" time="5.187" classname="TestScripts.UpdateItem"/>
</testsuite> <!-- updateItem -->
